<?xml version="1.0" encoding="UTF-8"?>
<!-- Generated by org.testng.reporters.JUnitReportReporter -->
<testsuite skipped="0" hostname="DELL-PC" name="Fremeworks.validateNavbar" tests="1" failures="0" timestamp="2020-07-07T19:09:59 IST" time="0.647" errors="0">
  <testcase name="validatenavigation" time="0.647" classname="Fremeworks.validateNavbar"/>
  <system-out/>
</testsuite> <!-- Fremeworks.validateNavbar -->
