<?xml version="1.0" encoding="UTF-8"?>
<!-- Generated by org.testng.reporters.JUnitReportReporter -->
<testsuite skipped="0" hostname="DELL-PC" name="cucumberOptions.TestRunner" tests="1" failures="0" timestamp="2020-07-13T20:48:43 IST" time="50.941" errors="0">
  <testcase name="feature" time="50.941" classname="cucumberOptions.TestRunner"/>
  <system-out/>
</testsuite> <!-- cucumberOptions.TestRunner -->
