<?xml version="1.0" encoding="UTF-8"?>
<!-- Generated by org.testng.reporters.JUnitReportReporter -->
<testsuite skipped="0" hostname="DELL-PC" name="Fremeworks.validateNavbar" tests="1" failures="0" timestamp="2020-07-08T11:25:09 IST" time="1.414" errors="0">
  <testcase name="validatenavigation" time="1.414" classname="Fremeworks.validateNavbar"/>
  <system-out/>
</testsuite> <!-- Fremeworks.validateNavbar -->
