<?xml version="1.0" encoding="UTF-8"?>
<!-- Generated by org.testng.reporters.JUnitReportReporter -->
<testsuite skipped="0" hostname="DELL-PC" name="Fremeworks.HomePage" tests="2" failures="0" timestamp="2020-07-08T11:41:23 IST" time="265.250" errors="0">
  <testcase name="HOmePageNavigation" time="168.783" classname="Fremeworks.HomePage"/>
  <system-out/>
  <testcase name="HOmePageNavigation" time="96.467" classname="Fremeworks.HomePage"/>
  <system-out/>
</testsuite> <!-- Fremeworks.HomePage -->
